# JRE version: Java(TM) SE Runtime Environment (8.0_65-b17) (build 1.8.0_65-b17)
# Java VM: Java HotSpot(TM) 64-Bit Server VM (25.65-b01 mixed mode windows-amd64 compressed oops)
Heap:
 PSYoungGen      total 407040K, used 23942K [0x0000000715980000, 0x0000000736200000, 0x00000007c0000000)
  eden space 312832K, 5% used [0x0000000715980000,0x00000007169f8d88,0x0000000728b00000)
  from space 94208K, 7% used [0x0000000730600000,0x0000000730ce8d20,0x0000000736200000)
  to   space 110080K, 0% used [0x0000000728b00000,0x0000000728b00000,0x000000072f680000)
 ParOldGen       total 561152K, used 229887K [0x00000005c0c00000, 0x00000005e3000000, 0x0000000715980000)
  object space 561152K, 40% used [0x00000005c0c00000,0x00000005cec7ff08,0x00000005e3000000)
 Metaspace       used 11475K, capacity 11656K, committed 11904K, reserved 1060864K
  class space    used 1246K, capacity 1323K, committed 1408K, reserved 1048576K
GC Heap History (10 events):
Event: 918.623 GC heap before
{Heap before GC invocations=15 (full 1):
 PSYoungGen      total 373760K, used 373628K [0x0000000715980000, 0x000000073de80000, 0x00000007c0000000)
  eden space 366592K, 100% used [0x0000000715980000,0x000000072bf80000,0x000000072bf80000)
  from space 7168K, 98% used [0x000000072cb80000,0x000000072d25f040,0x000000072d280000)
  to   space 146944K, 0% used [0x0000000734f00000,0x0000000734f00000,0x000000073de80000)
 ParOldGen       total 561152K, used 229831K [0x00000005c0c00000, 0x00000005e3000000, 0x0000000715980000)
  object space 561152K, 40% used [0x00000005c0c00000,0x00000005cec71f08,0x00000005e3000000)
 Metaspace       used 11460K, capacity 11656K, committed 11904K, reserved 1060864K
  class space    used 1244K, capacity 1323K, committed 1408K, reserved 1048576K
Event: 918.628 GC heap after
Heap after GC invocations=15 (full 1):
 PSYoungGen      total 473600K, used 10702K [0x0000000715980000, 0x000000073c300000, 0x00000007c0000000)
  eden space 354816K, 0% used [0x0000000715980000,0x0000000715980000,0x000000072b400000)
  from space 118784K, 9% used [0x0000000734f00000,0x00000007359739b8,0x000000073c300000)
  to   space 138752K, 0% used [0x000000072b400000,0x000000072b400000,0x0000000733b80000)
 ParOldGen       total 561152K, used 229831K [0x00000005c0c00000, 0x00000005e3000000, 0x0000000715980000)
  object space 561152K, 40% used [0x00000005c0c00000,0x00000005cec71f08,0x00000005e3000000)
 Metaspace       used 11460K, capacity 11656K, committed 11904K, reserved 1060864K
  class space    used 1244K, capacity 1323K, committed 1408K, reserved 1048576K
}
Event: 1008.478 GC heap before
{Heap before GC invocations=16 (full 1):
 PSYoungGen      total 473600K, used 365518K [0x0000000715980000, 0x000000073c300000, 0x00000007c0000000)
  eden space 354816K, 100% used [0x0000000715980000,0x000000072b400000,0x000000072b400000)
  from space 118784K, 9% used [0x0000000734f00000,0x00000007359739b8,0x000000073c300000)
  to   space 138752K, 0% used [0x000000072b400000,0x000000072b400000,0x0000000733b80000)
 ParOldGen       total 561152K, used 229831K [0x00000005c0c00000, 0x00000005e3000000, 0x0000000715980000)
  object space 561152K, 40% used [0x00000005c0c00000,0x00000005cec71f08,0x00000005e3000000)
 Metaspace       used 11460K, capacity 11656K, committed 11904K, reserved 1060864K
  class space    used 1244K, capacity 1323K, committed 1408K, reserved 1048576K
Event: 1008.480 GC heap after
Heap after GC invocations=16 (full 1):
 PSYoungGen      total 354304K, used 10640K [0x0000000715980000, 0x000000073a800000, 0x00000007c0000000)
  eden space 343552K, 0% used [0x0000000715980000,0x0000000715980000,0x000000072a900000)
  from space 10752K, 98% used [0x000000072b400000,0x000000072be64048,0x000000072be80000)
  to   space 130560K, 0% used [0x0000000732880000,0x0000000732880000,0x000000073a800000)
 ParOldGen       total 561152K, used 229831K [0x00000005c0c00000, 0x00000005e3000000, 0x0000000715980000)
  object space 561152K, 40% used [0x00000005c0c00000,0x00000005cec71f08,0x00000005e3000000)
 Metaspace       used 11460K, capacity 11656K, committed 11904K, reserved 1060864K
  class space    used 1244K, capacity 1323K, committed 1408K, reserved 1048576K
}
Event: 1095.986 GC heap before
{Heap before GC invocations=17 (full 1):
 PSYoungGen      total 354304K, used 354192K [0x0000000715980000, 0x000000073a800000, 0x00000007c0000000)
  eden space 343552K, 100% used [0x0000000715980000,0x000000072a900000,0x000000072a900000)
  from space 10752K, 98% used [0x000000072b400000,0x000000072be64048,0x000000072be80000)
  to   space 130560K, 0% used [0x0000000732880000,0x0000000732880000,0x000000073a800000)
 ParOldGen       total 561152K, used 229831K [0x00000005c0c00000, 0x00000005e3000000, 0x0000000715980000)
  object space 561152K, 40% used [0x00000005c0c00000,0x00000005cec71f08,0x00000005e3000000)
 Metaspace       used 11462K, capacity 11656K, committed 11904K, reserved 1060864K
  class space    used 1244K, capacity 1323K, committed 1408K, reserved 1048576K
Event: 1095.990 GC heap after
Heap after GC invocations=17 (full 1):
 PSYoungGen      total 437248K, used 10704K [0x0000000715980000, 0x0000000738e80000, 0x00000007c0000000)
  eden space 332800K, 0% used [0x0000000715980000,0x0000000715980000,0x0000000729e80000)
  from space 104448K, 10% used [0x0000000732880000,0x00000007332f43f0,0x0000000738e80000)
  to   space 122880K, 0% used [0x0000000729e80000,0x0000000729e80000,0x0000000731680000)
 ParOldGen       total 561152K, used 229839K [0x00000005c0c00000, 0x00000005e3000000, 0x0000000715980000)
  object space 561152K, 40% used [0x00000005c0c00000,0x00000005cec73f08,0x00000005e3000000)
 Metaspace       used 11462K, capacity 11656K, committed 11904K, reserved 1060864K
  class space    used 1244K, capacity 1323K, committed 1408K, reserved 1048576K
}
Event: 1178.000 GC heap before
{Heap before GC invocations=18 (full 1):
 PSYoungGen      total 437248K, used 343504K [0x0000000715980000, 0x0000000738e80000, 0x00000007c0000000)
  eden space 332800K, 100% used [0x0000000715980000,0x0000000729e80000,0x0000000729e80000)
  from space 104448K, 10% used [0x0000000732880000,0x00000007332f43f0,0x0000000738e80000)
  to   space 122880K, 0% used [0x0000000729e80000,0x0000000729e80000,0x0000000731680000)
 ParOldGen       total 561152K, used 229839K [0x00000005c0c00000, 0x00000005e3000000, 0x0000000715980000)
  object space 561152K, 40% used [0x00000005c0c00000,0x00000005cec73f08,0x00000005e3000000)
 Metaspace       used 11462K, capacity 11656K, committed 11904K, reserved 1060864K
  class space    used 1244K, capacity 1323K, committed 1408K, reserved 1048576K
Event: 1178.004 GC heap after
Heap after GC invocations=18 (full 1):
 PSYoungGen      total 329728K, used 7074K [0x0000000715980000, 0x0000000737780000, 0x00000007c0000000)
  eden space 322560K, 0% used [0x0000000715980000,0x0000000715980000,0x0000000729480000)
  from space 7168K, 98% used [0x0000000729e80000,0x000000072a568988,0x000000072a580000)
  to   space 116224K, 0% used [0x0000000730600000,0x0000000730600000,0x0000000737780000)
 ParOldGen       total 561152K, used 229839K [0x00000005c0c00000, 0x00000005e3000000, 0x0000000715980000)
  object space 561152K, 40% used [0x00000005c0c00000,0x00000005cec73f08,0x00000005e3000000)
 Metaspace       used 11462K, capacity 11656K, committed 11904K, reserved 1060864K
  class space    used 1244K, capacity 1323K, committed 1408K, reserved 1048576K
}
Event: 1259.445 GC heap before
{Heap before GC invocations=19 (full 1):
 PSYoungGen      total 329728K, used 329634K [0x0000000715980000, 0x0000000737780000, 0x00000007c0000000)
  eden space 322560K, 100% used [0x0000000715980000,0x0000000729480000,0x0000000729480000)
  from space 7168K, 98% used [0x0000000729e80000,0x000000072a568988,0x000000072a580000)
  to   space 116224K, 0% used [0x0000000730600000,0x0000000730600000,0x0000000737780000)
 ParOldGen       total 561152K, used 229839K [0x00000005c0c00000, 0x00000005e3000000, 0x0000000715980000)
  object space 561152K, 40% used [0x00000005c0c00000,0x00000005cec73f08,0x00000005e3000000)
 Metaspace       used 11464K, capacity 11656K, committed 11904K, reserved 1060864K
  class space    used 1244K, capacity 1323K, committed 1408K, reserved 1048576K
Event: 1259.448 GC heap after
Heap after GC invocations=19 (full 1):
 PSYoungGen      total 407040K, used 7075K [0x0000000715980000, 0x0000000736200000, 0x00000007c0000000)
  eden space 312832K, 0% used [0x0000000715980000,0x0000000715980000,0x0000000728b00000)
  from space 94208K, 7% used [0x0000000730600000,0x0000000730ce8d20,0x0000000736200000)
  to   space 110080K, 0% used [0x0000000728b00000,0x0000000728b00000,0x000000072f680000)
 ParOldGen       total 561152K, used 229887K [0x00000005c0c00000, 0x00000005e3000000, 0x0000000715980000)
  object space 561152K, 40% used [0x00000005c0c00000,0x00000005cec7ff08,0x00000005e3000000)
 Metaspace       used 11464K, capacity 11656K, committed 11904K, reserved 1060864K
  class space    used 1244K, capacity 1323K, committed 1408K, reserved 1048576K
}

